[10:46:54] [main/INFO]: Loading Minecraft 1.18.2 with Fabric Loader 0.13.3
[10:46:55] [main/INFO]: Loading 47 mods:
	- clumps 8.0.0+8
	- com_velocitypowered_velocity-native 1.1.0-SNAPSHOT via krypton
	- fabric 0.51.1+1.18.2
	- fabric-api-base 0.4.4+d7c144a860 via fabric
	- fabric-api-lookup-api-v1 1.6.0+2373a54560 via fabric
	- fabric-biome-api-v1 8.0.4+7b0f312660 via fabric
	- fabric-command-api-v1 1.1.9+d7c144a860 via fabric
	- fabric-commands-v0 0.2.8+b4f4f6cd60 via fabric
	- fabric-containers-v0 0.1.21+d7c144a860 via fabric
	- fabric-content-registries-v0 3.0.3+d82b939260 via fabric
	- fabric-convention-tags-v1 1.0.1+474e4f7960 via fabric
	- fabric-crash-report-info-v1 0.1.11+3ac43d9560 via fabric
	- fabric-dimensions-v1 2.1.17+2540745460 via fabric
	- fabric-entity-events-v1 1.4.8+d7c144a860 via fabric
	- fabric-events-interaction-v0 0.4.19+d7c144a860 via fabric
	- fabric-events-lifecycle-v0 0.2.14+d7c144a860 via fabric
	- fabric-game-rule-api-v1 1.0.13+d7c144a860 via fabric
	- fabric-item-api-v1 1.4.0+4457765560 via fabric
	- fabric-item-groups-v0 0.3.11+91896a4960 via fabric
	- fabric-lifecycle-events-v1 2.0.3+2d83e92c60 via fabric
	- fabric-loot-tables-v1 1.0.11+d7c144a860 via fabric
	- fabric-mining-level-api-v1 2.1.0+81ea5b3c60 via fabric
	- fabric-networking-api-v1 1.0.21+d882b91560 via fabric
	- fabric-networking-v0 0.3.8+b4f4f6cd60 via fabric
	- fabric-object-builder-api-v1 2.1.0+fe4ddef060 via fabric
	- fabric-particles-v1 0.2.12+526dc1ac60 via fabric
	- fabric-registry-sync-v0 0.9.8+0d9ab37260 via fabric
	- fabric-rendering-data-attachment-v1 0.3.7+d7c144a860 via fabric
	- fabric-rendering-fluids-v1 2.0.2+54e5b2ec60 via fabric
	- fabric-resource-conditions-api-v1 2.0.3+91b7aa6660 via fabric
	- fabric-resource-loader-v0 0.4.18+2de5574560 via fabric
	- fabric-screen-handler-api-v1 1.2.0+1f6558e860 via fabric
	- fabric-transfer-api-v1 1.6.0+2373a54560 via fabric
	- fabric-transitive-access-wideners-v1 1.0.0+bd8a4a1860 via fabric
	- fabricloader 0.13.3
	- ferritecore 4.2.1
	- fk 1.0-SNAPSHOT
	- java 17
	- krypton 0.1.9
	- lazydfu 0.1.2
	- lithium 0.7.9
	- minecraft 1.18.2
	- placeholder-api 1.1.3+1.17.1 via player_events
	- player_events 2.2.4
	- player_events_api 2.2.4 via player_events
	- starlight 1.0.2+fabric.89b8d9f
	- worldedit 7.2.10+1742f98
[10:46:55] [main/INFO]: SpongePowered MIXIN Subsystem Version=0.8.5 Source=file:/C:/Users/colin/Desktop/FK/servers/0_13_3_1.18.2/libraries/net/fabricmc/sponge-mixin/0.11.2+mixin.0.8.5/sponge-mixin-0.11.2+mixin.0.8.5.jar Service=Knot/Fabric Env=SERVER
[10:46:55] [main/INFO]: Compatibility level set to JAVA_17
[10:46:55] [main/INFO]: Loaded configuration file for Lithium: 100 options available, 2 override(s) found
[10:46:55] [main/WARN]: Force-disabling mixin 'alloc.blockstate.StateMixin' as rule 'mixin.alloc.blockstate' (added by mods [ferritecore]) disables it and children
[10:46:55] [main/WARN]: Force-disabling mixin 'world.player_chunk_tick.ThreadedAnvilChunkStorageMixin' as rule 'mixin.world.player_chunk_tick' (added by mods [krypton]) disables it and children
[10:46:56] [main/INFO]: fk.mixins.json:ItemInvoker->@Invoker[METHOD_PROXY]::invokeRaycast(Lnet/minecraft/class_1937;Lnet/minecraft/class_1657;Lnet/minecraft/class_3959$class_242;)Lnet/minecraft/class_3965; should be static as its target is
[10:46:59] [main/INFO]: Compression will use Java 11, encryption will use Java
[10:47:00] [main/INFO]: Got request to register class com.sk89q.worldedit.fabric.FabricPlatform with WorldEdit [com.sk89q.worldedit.extension.platform.PlatformManager@23d0a0]
[10:47:00] [main/INFO]: WorldEdit for Fabric (version 7.2.10+1742f98) is loaded
[10:47:00] [main/INFO]: ALL CONFIG HAVE BEEN LOADED WITH SUCCESS
[10:47:00] [main/INFO]: ch.skyfy.fk.config.Configs has been loaded
[10:47:00] [main/INFO]: ALL CONFIG HAVE BEEN LOADED WITH SUCCESS
[10:47:00] [main/INFO]: Krypton is now accelerating your Minecraft server's networking stack ?
[10:47:00] [main/INFO]: Environment: authHost='https://authserver.mojang.com', accountsHost='https://api.mojang.com', sessionHost='https://sessionserver.mojang.com', servicesHost='https://api.minecraftservices.com', name='PROD'
[10:47:00] [main/INFO]: [fabric-registry-sync] Loaded registry data [file 1/4]
[10:47:01] [main/INFO]: Registering commands with com.sk89q.worldedit.fabric.FabricPlatform
[10:47:01] [main/WARN]: Ambiguity between arguments [teleport, location] and [teleport, destination] with inputs: [0.1 -0.5 .9, 0 0 0]
[10:47:01] [main/WARN]: Ambiguity between arguments [teleport, location] and [teleport, targets] with inputs: [0.1 -0.5 .9, 0 0 0]
[10:47:01] [main/WARN]: Ambiguity between arguments [teleport, destination] and [teleport, targets] with inputs: [Player, 0123, @e, dd12be42-52a9-4a91-a8a1-11c01849e498]
[10:47:01] [main/WARN]: Ambiguity between arguments [teleport, targets] and [teleport, destination] with inputs: [Player, 0123, dd12be42-52a9-4a91-a8a1-11c01849e498]
[10:47:01] [main/WARN]: Ambiguity between arguments [teleport, targets, location] and [teleport, targets, destination] with inputs: [0.1 -0.5 .9, 0 0 0]
[10:47:01] [Worker-Main-25/INFO]: Loaded 7 recipes
[10:47:01] [Worker-Main-25/INFO]: Loaded 1141 advancements
[10:47:02] [main/INFO]: Applied 0 biome modifications to 0 of 61 new biomes in 1.650 ms
[10:47:02] [Server thread/INFO]: Starting minecraft server version 1.18.2
[10:47:02] [Server thread/INFO]: Loading properties
[10:47:02] [Server thread/INFO]: Default game type: SURVIVAL
[10:47:02] [Server thread/INFO]: Generating keypair
[10:47:02] [Server thread/INFO]: Starting Minecraft server on *:25565
[10:47:02] [Server thread/INFO]: Using default channel type
[10:47:02] [Server thread/INFO]: Preparing level "Optimized_World"
[10:47:02] [Server thread/INFO]: Preparing start region for dimension minecraft:overworld
[10:47:03] [Worker-Main-10/INFO]: Preparing spawn area: 0%
[10:47:03] [Worker-Main-10/INFO]: Preparing spawn area: 0%
[10:47:03] [Worker-Main-8/INFO]: Preparing spawn area: 1%
[10:47:04] [Worker-Main-18/INFO]: Preparing spawn area: 48%
[10:47:04] [Server thread/INFO]: Time elapsed: 1815 ms
[10:47:04] [Server thread/INFO]: Done (1.932s)! For help, type "help"
[10:47:08] [User Authenticator #1/INFO]: UUID of player Skyfy16 is ebb5c153-3f6f-4fb6-9062-20ac564e7490
[10:47:09] [Server thread/INFO]: Skyfy16[/127.0.0.1:62877] logged in with entity id 1 at (-2.8975754761762276, -33.0, 1.6033877717918104)
[10:47:09] [Server thread/INFO]: Skyfy16 joined the game
[10:47:09] [Server thread/WARN]: @Redirect conflict. Skipping lithium.mixins.json:alloc.entity_tracker.EntityTrackerMixin->@Redirect::useFasterCollection()Ljava/util/Set; from mod lithium with priority 1000, already redirected by krypton.mixins.json:shared.network.microopt.TacsTrackedEntityMixin->@Redirect::construct$useFastutil()Ljava/util/Set; from mod krypton with priority 1000
[10:48:03] [Server thread/INFO]: Incorrect argument for command
[10:48:03] [Server thread/INFO]: deop  skyfy16<--[HERE]
[10:48:07] [Server thread/INFO]: Unknown or incomplete command, see below for error
[10:48:07] [Server thread/INFO]: <--[HERE]
[10:48:11] [Server thread/INFO]: Made Skyfy16 no longer a server operator
[10:48:15] [Server thread/INFO]: Skyfy16 lost connection: Disconnected
[10:48:15] [Server thread/INFO]: Skyfy16 left the game
[10:49:23] [User Authenticator #2/INFO]: UUID of player Skyfy16 is ebb5c153-3f6f-4fb6-9062-20ac564e7490
[10:49:23] [Server thread/INFO]: Skyfy16[/127.0.0.1:62929] logged in with entity id 2 at (1.618789023375515, -33.0, 1.8350419573595798)
[10:49:23] [Server thread/INFO]: Skyfy16 joined the game
[10:49:35] [Server thread/INFO]: The game begins !
[10:49:38] [Server thread/INFO]: The game has been paused
[10:49:40] [Server thread/INFO]: Skyfy16 lost connection: Disconnected
[10:49:40] [Server thread/INFO]: Skyfy16 left the game
[10:49:42] [User Authenticator #3/INFO]: UUID of player Skyfy16 is ebb5c153-3f6f-4fb6-9062-20ac564e7490
[10:49:42] [Server thread/INFO]: Skyfy16[/127.0.0.1:62938] logged in with entity id 3 at (-0.16592038165646752, -33.0, 0.2143243174264182)
[10:49:42] [Server thread/INFO]: Skyfy16 joined the game
